<?xml version="1.0" encoding="UTF-8"?>
<testsuite name="com.example.WeightMeasurmentTest" tests="12" skipped="0" failures="0" errors="0" timestamp="2021-09-22T05:24:42" hostname="DESKTOP-M71IR21" time="0.004">
  <properties/>
  <testcase name="given0GramAnd0GramFromDiffType_ShouldReturnNotEqualWeight" classname="com.example.WeightMeasurmentTest" time="0.003"/>
  <testcase name="given1Tonneand1000GramsWhenAdded_shouldReturn1001Kg" classname="com.example.WeightMeasurmentTest" time="0.0"/>
  <testcase name="given0GramAnd1Gram_ShouldReturnNotEqual" classname="com.example.WeightMeasurmentTest" time="0.0"/>
  <testcase name="given0GramAndNull_ShouldReturnNotEqual" classname="com.example.WeightMeasurmentTest" time="0.0"/>
  <testcase name="given0KgAnd0Kg_ShouldReturnEqual" classname="com.example.WeightMeasurmentTest" time="0.001"/>
  <testcase name="given1Tonneand1000KgWhenCompared_shouldReturnTrue" classname="com.example.WeightMeasurmentTest" time="0.0"/>
  <testcase name="given0GramAnd0Gram_ShouldReturnEqual" classname="com.example.WeightMeasurmentTest" time="0.0"/>
  <testcase name="given0GramAnd0GramFromDiffRef_ShouldReturnNotEqual" classname="com.example.WeightMeasurmentTest" time="0.0"/>
  <testcase name="given0KGAnd1KG_ShouldReturnNotEqual" classname="com.example.WeightMeasurmentTest" time="0.0"/>
  <testcase name="given0KGAnd0KGFromDiffRef_ShouldReturnNotEqual" classname="com.example.WeightMeasurmentTest" time="0.0"/>
  <testcase name="given0KGAndNull_ShouldReturnNotEqual" classname="com.example.WeightMeasurmentTest" time="0.0"/>
  <testcase name="given1Kgand1000GramsWhenCompared_shouldReturnTrue" classname="com.example.WeightMeasurmentTest" time="0.0"/>
  <system-out><![CDATA[]]></system-out>
  <system-err><![CDATA[]]></system-err>
</testsuite>
