<?xml version="1.0" encoding="UTF-8"?>
<testsuite name="com.example.QuantityMeasurmentTest" tests="1" skipped="0" failures="0" errors="0" timestamp="2021-09-21T17:46:19" hostname="DESKTOP-M71IR21" time="0.01">
  <properties/>
  <testcase name="given2Inchand5CMWhenCompared_shouldReturnTrue" classname="com.example.QuantityMeasurmentTest" time="0.01"/>
  <system-out><![CDATA[]]></system-out>
  <system-err><![CDATA[]]></system-err>
</testsuite>
