<?xml version="1.0" encoding="UTF-8"?>
<testsuite name="com.example.QuantityMeasurmentTest" tests="24" skipped="0" failures="0" errors="0" timestamp="2021-09-21T19:42:06" hostname="DESKTOP-M71IR21" time="0.083">
  <properties/>
  <testcase name="given0Feetand0Feet_shouldReturnEqual" classname="com.example.QuantityMeasurmentTest" time="0.027"/>
  <testcase name="given0Inchand0InchwithDifferentReference_shouldReturnNotSame" classname="com.example.QuantityMeasurmentTest" time="0.002"/>
  <testcase name="given1Feetand1InchWhenCompared_shouldReturnNotEqual" classname="com.example.QuantityMeasurmentTest" time="0.018"/>
  <testcase name="given1Feetand12Inch_shouldReturnTrue" classname="com.example.QuantityMeasurmentTest" time="0.002"/>
  <testcase name="given1Inchand1InchWhenCompared_shouldReturnTrue" classname="com.example.QuantityMeasurmentTest" time="0.0"/>
  <testcase name="given1Yardand3FeetWhenCompared_shouldReturnTrue" classname="com.example.QuantityMeasurmentTest" time="0.001"/>
  <testcase name="given12Inchand1Feet_shouldReturnTrue" classname="com.example.QuantityMeasurmentTest" time="0.0"/>
  <testcase name="given0InchandNull_shouldReturnNotEqual" classname="com.example.QuantityMeasurmentTest" time="0.001"/>
  <testcase name="given2Inchand5CMWhenCompared_shouldReturnTrue" classname="com.example.QuantityMeasurmentTest" time="0.0"/>
  <testcase name="given1Inchand1YardWhenCompared_shouldReturnFalse" classname="com.example.QuantityMeasurmentTest" time="0.002"/>
  <testcase name="given0Inchand0Inch_shouldReturnNotEqual" classname="com.example.QuantityMeasurmentTest" time="0.001"/>
  <testcase name="given1Feetand1YardWhenCompared_shouldReturnFalse" classname="com.example.QuantityMeasurmentTest" time="0.001"/>
  <testcase name="given2Inchand2InchWhenAdded_shouldReturn4inches" classname="com.example.QuantityMeasurmentTest" time="0.001"/>
  <testcase name="given0Inchand0InchwithDifferentType_shouldReturnNotEqual" classname="com.example.QuantityMeasurmentTest" time="0.001"/>
  <testcase name="given1Yardand36InchWhenCompared_shouldReturnTrue" classname="com.example.QuantityMeasurmentTest" time="0.002"/>
  <testcase name="given0Inchand0Inch_shouldReturnEqual" classname="com.example.QuantityMeasurmentTest" time="0.0"/>
  <testcase name="given0Feetand0FeetwithDifferentType_shouldReturnNotEqual" classname="com.example.QuantityMeasurmentTest" time="0.001"/>
  <testcase name="given0Feetand0Feet_shouldReturnNotEqual" classname="com.example.QuantityMeasurmentTest" time="0.001"/>
  <testcase name="given3Feetand1YardWhenCompared_shouldReturnTrue" classname="com.example.QuantityMeasurmentTest" time="0.0"/>
  <testcase name="given36Inchand1YardWhenCompared_shouldReturnTrue" classname="com.example.QuantityMeasurmentTest" time="0.0"/>
  <testcase name="given0FeetandNull_shouldReturnNotEqual" classname="com.example.QuantityMeasurmentTest" time="0.001"/>
  <testcase name="given1Feetand1FeetWhenAdded_shouldReturn24inches" classname="com.example.QuantityMeasurmentTest" time="0.0"/>
  <testcase name="given0Feetand0FeetwithDifferentReference_shouldReturnNotSame" classname="com.example.QuantityMeasurmentTest" time="0.0"/>
  <testcase name="given1Feetand2InchWhenAdded_shouldReturn14inches" classname="com.example.QuantityMeasurmentTest" time="0.0"/>
  <system-out><![CDATA[]]></system-out>
  <system-err><![CDATA[]]></system-err>
</testsuite>
