<?xml version="1.0" encoding="UTF-8"?>
<testsuite name="com.example.VolumeMeasurmentTest" tests="14" skipped="0" failures="0" errors="0" timestamp="2021-09-21T20:11:53" hostname="DESKTOP-M71IR21" time="0.006">
  <properties/>
  <testcase name="given1GallonAnd2Gallon_ShouldReturnNotEqualVolume" classname="com.example.VolumeMeasurmentTest" time="0.003"/>
  <testcase name="given1GallonAndNull_ShouldReturnNotEqualVolume" classname="com.example.VolumeMeasurmentTest" time="0.0"/>
  <testcase name="given3$78LiterAnd1Gallon_WhenCompared_ShouldReturnEqualVolume" classname="com.example.VolumeMeasurmentTest" time="0.0"/>
  <testcase name="given1Gallonand3$78LitersWhenAdded_shouldReturn7$56Liters" classname="com.example.VolumeMeasurmentTest" time="0.001"/>
  <testcase name="give1LiterAnd2Liter_ShouldReturnNotEqualVolume" classname="com.example.VolumeMeasurmentTest" time="0.0"/>
  <testcase name="given1LiterAnd1000MilliLiter_WhenAdded_ShouldReturn2Liter" classname="com.example.VolumeMeasurmentTest" time="0.0"/>
  <testcase name="given1GallonAnd3$78Liter_WhenCompared_ShouldReturnEqualVolume" classname="com.example.VolumeMeasurmentTest" time="0.0"/>
  <testcase name="given1LiterAnd1000MilliLiter_WhenCompared_ShouldReturnEqualVolume" classname="com.example.VolumeMeasurmentTest" time="0.0"/>
  <testcase name="given0GallonAnd0Liter_WhenCompared_ShouldReturnEqualVolume" classname="com.example.VolumeMeasurmentTest" time="0.0"/>
  <testcase name="given1GallonAnd1GallonFromDiffRef_ShouldReturnNotEqualVolume" classname="com.example.VolumeMeasurmentTest" time="0.0"/>
  <testcase name="give0LiterAnd0Liter_ShouldReturnEqualVolume" classname="com.example.VolumeMeasurmentTest" time="0.0"/>
  <testcase name="given1000MilliLiterAnd1Liter_WhenCompared_ShouldReturnEqualVolume" classname="com.example.VolumeMeasurmentTest" time="0.0"/>
  <testcase name="given0GallonAnd0Gallon_ShouldReturnEqualVolume" classname="com.example.VolumeMeasurmentTest" time="0.0"/>
  <testcase name="given1GallonAnd1Liter_WhenCompared_ShouldReturnNotEqualVolume" classname="com.example.VolumeMeasurmentTest" time="0.0"/>
  <system-out><![CDATA[]]></system-out>
  <system-err><![CDATA[]]></system-err>
</testsuite>
