<?xml version="1.0" encoding="UTF-8"?>
<testsuite name="com.example.TemperatureMeasurementTest" tests="7" skipped="0" failures="0" errors="0" timestamp="2021-09-22T05:12:07" hostname="DESKTOP-M71IR21" time="0.039">
  <properties/>
  <testcase name="given2Foreignheitand100Celcius_shouldReturnFalse" classname="com.example.TemperatureMeasurementTest" time="0.015"/>
  <testcase name="given77FahrenheitAnd25Celsius_WhenCompared_ShouldReturnEqualTemp" classname="com.example.TemperatureMeasurementTest" time="0.001"/>
  <testcase name="given0FahrenheitAnd1Fahrenheit_ShouldReturnNotEqualTemperature" classname="com.example.TemperatureMeasurementTest" time="0.01"/>
  <testcase name="given212Foreignheitand100Celcius_shouldReturnEqual" classname="com.example.TemperatureMeasurementTest" time="0.001"/>
  <testcase name="given0FahrenheitAnd0Fahrenheit_ShouldReturnEqualTemperature" classname="com.example.TemperatureMeasurementTest" time="0.003"/>
  <testcase name="given0FahrenheitAnd0FahrenheitFromDiffRef_ShouldReturnNotEqualTemperature" classname="com.example.TemperatureMeasurementTest" time="0.002"/>
  <testcase name="given0FahrenheitAndNull_ShouldReturnNotEqualTemperature" classname="com.example.TemperatureMeasurementTest" time="0.002"/>
  <system-out><![CDATA[]]></system-out>
  <system-err><![CDATA[]]></system-err>
</testsuite>
